Arguments: 
  /home/masoudi/.nvm/versions/node/v16.14.0/bin/node /home/masoudi/.nvm/versions/node/v16.14.0/bin/yarn add @babel/core @babel/preset-env @babel/preset-react babel-loader --dev

PATH: 
  /home/masoudi/.rbenv/plugins/ruby-build/bin:/home/masoudi/.rbenv/shims:/home/masoudi/.rbenv/bin:/home/masoudi/.rbenv/shims:/home/masoudi/.rbenv/bin:/home/masoudi/.nvm/versions/node/v16.14.0/bin:/home/masoudi/.local/bin:/snap/bin:/usr/sandbox/:/usr/local/bin:/usr/bin:/bin:/usr/local/games:/usr/games:/usr/share/games:/usr/local/sbin:/usr/sbin:/sbin:/home/masoudi/.rbenv/plugins/ruby-build/bin:/home/masoudi/.rbenv/shims:/home/masoudi/.rbenv/bin:/home/masoudi/.rbenv/shims:/home/masoudi/.rbenv/bin:/home/masoudi/.nvm/versions/node/v16.14.0/bin:/home/masoudi/.local/bin:/snap/bin:/usr/sandbox/:/usr/local/bin:/usr/bin:/bin:/usr/local/games:/usr/games:/usr/share/games:/usr/local/sbin:/usr/sbin:/sbin:/usr/local/bin:/usr/bin:/bin:/usr/local/games:/usr/games

Yarn version: 
  1.22.19

Node version: 
  16.14.0

Platform: 
  linux x64

Trace: 
  Error: getaddrinfo EAI_AGAIN registry.yarnpkg.com
      at GetAddrInfoReqWrap.onlookup [as oncomplete] (node:dns:71:26)

npm manifest: 
  {
    "name": "app",
    "private": "true",
    "scripts": {
      "build": "webpack --config webpack.config.js"
    },
    "dependencies": {
      "@hotwired/stimulus": "^3.1.0",
      "@hotwired/turbo-rails": "^7.1.3",
      "react": "^18.2.0",
      "react-dom": "^18.2.0"
    }
  }

yarn manifest: 
  No manifest

Lockfile: 
  # THIS IS AN AUTOGENERATED FILE. DO NOT EDIT THIS FILE DIRECTLY.
  # yarn lockfile v1
  
  
  "@hotwired/stimulus@^3.1.0":
    "integrity" "sha512-iDMHUhiEJ1xFeicyHcZQQgBzhtk5mPR0QZO3L6wtqzMsJEk2TKECuCQTGKjm+KJTHVY0dKq1dOOAWvODjpd2Mg=="
    "resolved" "https://registry.npmjs.org/@hotwired/stimulus/-/stimulus-3.1.0.tgz"
    "version" "3.1.0"
  
  "@hotwired/turbo-rails@^7.1.3":
    "integrity" "sha512-6qKgn75bMWKx0bJgmSfrdC73EJkGLoSWZPAssvcd3nE7ZpDZff6f67j5OQNjjpRgNB7OFruom6VWguGQGu1fQg=="
    "resolved" "https://registry.npmjs.org/@hotwired/turbo-rails/-/turbo-rails-7.1.3.tgz"
    "version" "7.1.3"
    dependencies:
      "@hotwired/turbo" "^7.1.0"
      "@rails/actioncable" "^7.0"
  
  "@hotwired/turbo@^7.1.0":
    "integrity" "sha512-Q8kGjqwPqER+CtpQudbH+3Zgs2X4zb6pBAlr6NsKTXadg45pAOvxI9i4QpuHbwSzR2+x87HUm+rot9F/Pe8rxA=="
    "resolved" "https://registry.npmjs.org/@hotwired/turbo/-/turbo-7.1.0.tgz"
    "version" "7.1.0"
  
  "@rails/actioncable@^7.0":
    "integrity" "sha512-tz4oM+Zn9CYsvtyicsa/AwzKZKL+ITHWkhiu7x+xF77clh2b4Rm+s6xnOgY/sGDWoFWZmtKsE95hxBPkgQQNnQ=="
    "resolved" "https://registry.npmjs.org/@rails/actioncable/-/actioncable-7.0.4.tgz"
    "version" "7.0.4"
  
  "js-tokens@^3.0.0 || ^4.0.0":
    "integrity" "sha512-RdJUflcE3cUzKiMqQgsCu06FPu9UdIJO0beYbPhHN4k6apgJtifcoCtT9bcxOpYBtpD2kCM6Sbzg4CausW/PKQ=="
    "resolved" "https://registry.npmjs.org/js-tokens/-/js-tokens-4.0.0.tgz"
    "version" "4.0.0"
  
  "loose-envify@^1.1.0":
    "integrity" "sha512-lyuxPGr/Wfhrlem2CL/UcnUc1zcqKAImBDzukY7Y5F/yQiNdko6+fRLevlw1HgMySw7f611UIY408EtxRSoK3Q=="
    "resolved" "https://registry.npmjs.org/loose-envify/-/loose-envify-1.4.0.tgz"
    "version" "1.4.0"
    dependencies:
      "js-tokens" "^3.0.0 || ^4.0.0"
  
  "react-dom@^18.2.0":
    "integrity" "sha512-6IMTriUmvsjHUjNtEDudZfuDQUoWXVxKHhlEGSk81n4YFS+r/Kl99wXiwlVXtPBtJenozv2P+hxDsw9eA7Xo6g=="
    "resolved" "https://registry.npmjs.org/react-dom/-/react-dom-18.2.0.tgz"
    "version" "18.2.0"
    dependencies:
      "loose-envify" "^1.1.0"
      "scheduler" "^0.23.0"
  
  "react@^18.2.0":
    "integrity" "sha512-/3IjMdb2L9QbBdWiW5e3P2/npwMBaU9mHCSCUzNln0ZCYbcfTsGbTJrU/kGemdH2IWmB2ioZ+zkxtmq6g09fGQ=="
    "resolved" "https://registry.npmjs.org/react/-/react-18.2.0.tgz"
    "version" "18.2.0"
    dependencies:
      "loose-envify" "^1.1.0"
  
  "scheduler@^0.23.0":
    "integrity" "sha512-CtuThmgHNg7zIZWAXi3AsyIzA3n4xx7aNyjwC2VJldO2LMVDhFK+63xGqq6CsJH4rTAt6/M+N4GhZiDYPx9eUw=="
    "resolved" "https://registry.npmjs.org/scheduler/-/scheduler-0.23.0.tgz"
    "version" "0.23.0"
    dependencies:
      "loose-envify" "^1.1.0"
